{"D:\\projects\\Rocketseat\\gostack12\\semana 3 - ReactJs\\AppGoBarber\\src\\components\\Button\\index.tsx": {"path":"D:\\projects\\Rocketseat\\gostack12\\semana 3 - ReactJs\\AppGoBarber\\src\\components\\Button\\index.tsx","statementMap":{"0":{"start":{"line":9,"column":38},"end":{"line":13,"column":1}},"1":{"start":{"line":10,"column":2},"end":{"line":12,"column":14}}},"fnMap":{"0":{"name":"(anonymous_0)","decl":{"start":{"line":9,"column":38},"end":{"line":9,"column":39}},"loc":{"start":{"line":10,"column":2},"end":{"line":12,"column":14}},"line":10}},"branchMap":{},"s":{"0":1,"1":1},"f":{"0":1},"b":{},"_coverageSchema":"43e27e138ebf9cfc5966b082cf9a028302ed4184","hash":"fd2feaa3dc8677d0c6db114d875f697b4d17e7ec"}
,"D:\\projects\\Rocketseat\\gostack12\\semana 3 - ReactJs\\AppGoBarber\\src\\components\\Input\\index.tsx": {"path":"D:\\projects\\Rocketseat\\gostack12\\semana 3 - ReactJs\\AppGoBarber\\src\\components\\Input\\index.tsx","statementMap":{"0":{"start":{"line":28,"column":66},"end":{"line":91,"column":1}},"1":{"start":{"line":32,"column":26},"end":{"line":32,"column":43}},"2":{"start":{"line":33,"column":65},"end":{"line":33,"column":79}},"3":{"start":{"line":34,"column":24},"end":{"line":34,"column":76}},"4":{"start":{"line":36,"column":36},"end":{"line":36,"column":51}},"5":{"start":{"line":37,"column":34},"end":{"line":37,"column":49}},"6":{"start":{"line":39,"column":27},"end":{"line":41,"column":8}},"7":{"start":{"line":40,"column":4},"end":{"line":40,"column":23}},"8":{"start":{"line":43,"column":26},"end":{"line":46,"column":8}},"9":{"start":{"line":44,"column":4},"end":{"line":44,"column":24}},"10":{"start":{"line":45,"column":4},"end":{"line":45,"column":47}},"11":{"start":{"line":48,"column":2},"end":{"line":52,"column":6}},"12":{"start":{"line":48,"column":34},"end":{"line":52,"column":3}},"13":{"start":{"line":50,"column":6},"end":{"line":50,"column":38}},"14":{"start":{"line":54,"column":2},"end":{"line":68,"column":33}},"15":{"start":{"line":55,"column":4},"end":{"line":67,"column":7}},"16":{"start":{"line":70,"column":2},"end":{"line":90,"column":4}},"17":{"start":{"line":85,"column":10},"end":{"line":85,"column":46}}},"fnMap":{"0":{"name":"(anonymous_0)","decl":{"start":{"line":28,"column":66},"end":{"line":28,"column":67}},"loc":{"start":{"line":31,"column":5},"end":{"line":91,"column":1}},"line":31},"1":{"name":"(anonymous_1)","decl":{"start":{"line":39,"column":39},"end":{"line":39,"column":40}},"loc":{"start":{"line":39,"column":45},"end":{"line":41,"column":3}},"line":39},"2":{"name":"(anonymous_2)","decl":{"start":{"line":43,"column":38},"end":{"line":43,"column":39}},"loc":{"start":{"line":43,"column":44},"end":{"line":46,"column":3}},"line":43},"3":{"name":"(anonymous_3)","decl":{"start":{"line":48,"column":27},"end":{"line":48,"column":28}},"loc":{"start":{"line":48,"column":34},"end":{"line":52,"column":3}},"line":48},"4":{"name":"(anonymous_4)","decl":{"start":{"line":49,"column":4},"end":{"line":49,"column":5}},"loc":{"start":{"line":49,"column":12},"end":{"line":51,"column":5}},"line":49},"5":{"name":"(anonymous_5)","decl":{"start":{"line":54,"column":12},"end":{"line":54,"column":13}},"loc":{"start":{"line":54,"column":18},"end":{"line":68,"column":3}},"line":54},"6":{"name":"(anonymous_6)","decl":{"start":{"line":84,"column":22},"end":{"line":84,"column":23}},"loc":{"start":{"line":84,"column":31},"end":{"line":86,"column":9}},"line":84}},"branchMap":{"0":{"loc":{"start":{"line":29,"column":16},"end":{"line":29,"column":35}},"type":"default-arg","locations":[{"start":{"line":29,"column":33},"end":{"line":29,"column":35}}],"line":29},"1":{"loc":{"start":{"line":33,"column":36},"end":{"line":33,"column":53}},"type":"default-arg","locations":[{"start":{"line":33,"column":51},"end":{"line":33,"column":53}}],"line":33},"2":{"loc":{"start":{"line":75,"column":15},"end":{"line":75,"column":60}},"type":"cond-expr","locations":[{"start":{"line":75,"column":39},"end":{"line":75,"column":48}},{"start":{"line":75,"column":51},"end":{"line":75,"column":60}}],"line":75},"3":{"loc":{"start":{"line":75,"column":15},"end":{"line":75,"column":36}},"type":"binary-expr","locations":[{"start":{"line":75,"column":15},"end":{"line":75,"column":24}},{"start":{"line":75,"column":28},"end":{"line":75,"column":36}}],"line":75}},"s":{"0":1,"1":2,"2":2,"3":2,"4":2,"5":2,"6":2,"7":0,"8":2,"9":0,"10":0,"11":2,"12":1,"13":0,"14":2,"15":2,"16":2,"17":0},"f":{"0":2,"1":0,"2":0,"3":1,"4":0,"5":2,"6":0},"b":{"0":[2],"1":[2],"2":[0,2],"3":[2,2]},"_coverageSchema":"43e27e138ebf9cfc5966b082cf9a028302ed4184","hash":"74fb13d798a101aa462afc27f1e2feb9b0f65075"}
,"D:\\projects\\Rocketseat\\gostack12\\semana 3 - ReactJs\\AppGoBarber\\src\\hooks\\auth.tsx": {"path":"D:\\projects\\Rocketseat\\gostack12\\semana 3 - ReactJs\\AppGoBarber\\src\\hooks\\auth.tsx","statementMap":{"0":{"start":{"line":41,"column":20},"end":{"line":41,"column":73}},"1":{"start":{"line":43,"column":31},"end":{"line":112,"column":1}},"2":{"start":{"line":44,"column":26},"end":{"line":44,"column":62}},"3":{"start":{"line":45,"column":32},"end":{"line":45,"column":46}},"4":{"start":{"line":47,"column":2},"end":{"line":64,"column":9}},"5":{"start":{"line":49,"column":28},"end":{"line":52,"column":8}},"6":{"start":{"line":54,"column":6},"end":{"line":58,"column":7}},"7":{"start":{"line":55,"column":8},"end":{"line":55,"column":66}},"8":{"start":{"line":57,"column":8},"end":{"line":57,"column":64}},"9":{"start":{"line":60,"column":6},"end":{"line":60,"column":24}},"10":{"start":{"line":63,"column":4},"end":{"line":63,"column":16}},"11":{"start":{"line":66,"column":17},"end":{"line":79,"column":8}},"12":{"start":{"line":67,"column":21},"end":{"line":67,"column":69}},"13":{"start":{"line":69,"column":28},"end":{"line":69,"column":41}},"14":{"start":{"line":71,"column":4},"end":{"line":74,"column":7}},"15":{"start":{"line":76,"column":4},"end":{"line":76,"column":59}},"16":{"start":{"line":78,"column":4},"end":{"line":78,"column":29}},"17":{"start":{"line":81,"column":18},"end":{"line":85,"column":8}},"18":{"start":{"line":82,"column":4},"end":{"line":82,"column":74}},"19":{"start":{"line":84,"column":4},"end":{"line":84,"column":29}},"20":{"start":{"line":87,"column":21},"end":{"line":97,"column":3}},"21":{"start":{"line":89,"column":6},"end":{"line":89,"column":73}},"22":{"start":{"line":91,"column":6},"end":{"line":94,"column":9}},"23":{"start":{"line":99,"column":2},"end":{"line":111,"column":4}},"24":{"start":{"line":115,"column":18},"end":{"line":115,"column":41}},"25":{"start":{"line":117,"column":2},"end":{"line":119,"column":3}},"26":{"start":{"line":118,"column":4},"end":{"line":118,"column":68}},"27":{"start":{"line":121,"column":2},"end":{"line":121,"column":17}}},"fnMap":{"0":{"name":"(anonymous_0)","decl":{"start":{"line":43,"column":31},"end":{"line":43,"column":32}},"loc":{"start":{"line":43,"column":49},"end":{"line":112,"column":1}},"line":43},"1":{"name":"(anonymous_1)","decl":{"start":{"line":47,"column":12},"end":{"line":47,"column":13}},"loc":{"start":{"line":47,"column":18},"end":{"line":64,"column":3}},"line":47},"2":{"name":"checkUser","decl":{"start":{"line":48,"column":19},"end":{"line":48,"column":28}},"loc":{"start":{"line":48,"column":46},"end":{"line":61,"column":5}},"line":48},"3":{"name":"(anonymous_3)","decl":{"start":{"line":66,"column":29},"end":{"line":66,"column":30}},"loc":{"start":{"line":66,"column":72},"end":{"line":79,"column":3}},"line":66},"4":{"name":"(anonymous_4)","decl":{"start":{"line":81,"column":30},"end":{"line":81,"column":31}},"loc":{"start":{"line":81,"column":57},"end":{"line":85,"column":3}},"line":81},"5":{"name":"(anonymous_5)","decl":{"start":{"line":88,"column":4},"end":{"line":88,"column":5}},"loc":{"start":{"line":88,"column":26},"end":{"line":95,"column":5}},"line":88},"6":{"name":"useAuth","decl":{"start":{"line":114,"column":9},"end":{"line":114,"column":16}},"loc":{"start":{"line":114,"column":36},"end":{"line":122,"column":1}},"line":114}},"branchMap":{"0":{"loc":{"start":{"line":54,"column":6},"end":{"line":58,"column":7}},"type":"if","locations":[{"start":{"line":54,"column":6},"end":{"line":58,"column":7}},{"start":{"line":54,"column":6},"end":{"line":58,"column":7}}],"line":54},"1":{"loc":{"start":{"line":54,"column":10},"end":{"line":54,"column":29}},"type":"binary-expr","locations":[{"start":{"line":54,"column":10},"end":{"line":54,"column":18}},{"start":{"line":54,"column":22},"end":{"line":54,"column":29}}],"line":54},"2":{"loc":{"start":{"line":117,"column":2},"end":{"line":119,"column":3}},"type":"if","locations":[{"start":{"line":117,"column":2},"end":{"line":119,"column":3}},{"start":{"line":117,"column":2},"end":{"line":119,"column":3}}],"line":117}},"s":{"0":1,"1":1,"2":0,"3":0,"4":0,"5":0,"6":0,"7":0,"8":0,"9":0,"10":0,"11":0,"12":0,"13":0,"14":0,"15":0,"16":0,"17":0,"18":0,"19":0,"20":0,"21":0,"22":0,"23":0,"24":1,"25":1,"26":0,"27":1},"f":{"0":0,"1":0,"2":0,"3":0,"4":0,"5":0,"6":1},"b":{"0":[0,0],"1":[0,0],"2":[0,1]},"_coverageSchema":"43e27e138ebf9cfc5966b082cf9a028302ed4184","hash":"188b66257ff4c898da2c8074ec98a1ad9e659a4e"}
,"D:\\projects\\Rocketseat\\gostack12\\semana 3 - ReactJs\\AppGoBarber\\src\\pages\\AppointmentCreated\\index.tsx": {"path":"D:\\projects\\Rocketseat\\gostack12\\semana 3 - ReactJs\\AppGoBarber\\src\\pages\\AppointmentCreated\\index.tsx","statementMap":{"0":{"start":{"line":20,"column":37},"end":{"line":55,"column":1}},"1":{"start":{"line":21,"column":20},"end":{"line":21,"column":35}},"2":{"start":{"line":22,"column":21},"end":{"line":22,"column":31}},"3":{"start":{"line":24,"column":22},"end":{"line":24,"column":43}},"4":{"start":{"line":26,"column":26},"end":{"line":31,"column":13}},"5":{"start":{"line":27,"column":4},"end":{"line":30,"column":7}},"6":{"start":{"line":33,"column":24},"end":{"line":41,"column":3}},"7":{"start":{"line":35,"column":6},"end":{"line":39,"column":7}},"8":{"start":{"line":43,"column":2},"end":{"line":54,"column":4}}},"fnMap":{"0":{"name":"(anonymous_0)","decl":{"start":{"line":20,"column":37},"end":{"line":20,"column":38}},"loc":{"start":{"line":20,"column":43},"end":{"line":55,"column":1}},"line":20},"1":{"name":"(anonymous_1)","decl":{"start":{"line":26,"column":38},"end":{"line":26,"column":39}},"loc":{"start":{"line":26,"column":44},"end":{"line":31,"column":3}},"line":26},"2":{"name":"(anonymous_2)","decl":{"start":{"line":34,"column":4},"end":{"line":34,"column":5}},"loc":{"start":{"line":35,"column":6},"end":{"line":39,"column":7}},"line":35}},"branchMap":{},"s":{"0":0,"1":0,"2":0,"3":0,"4":0,"5":0,"6":0,"7":0,"8":0},"f":{"0":0,"1":0,"2":0},"b":{},"hash":"a3b87a301e5c8590df22f8e7b1ab8f7572348ea4"}
,"D:\\projects\\Rocketseat\\gostack12\\semana 3 - ReactJs\\AppGoBarber\\src\\pages\\CreateAppointment\\index.tsx": {"path":"D:\\projects\\Rocketseat\\gostack12\\semana 3 - ReactJs\\AppGoBarber\\src\\pages\\CreateAppointment\\index.tsx","statementMap":{"0":{"start":{"line":54,"column":36},"end":{"line":263,"column":1}},"1":{"start":{"line":55,"column":19},"end":{"line":55,"column":28}},"2":{"start":{"line":56,"column":16},"end":{"line":56,"column":26}},"3":{"start":{"line":57,"column":22},"end":{"line":57,"column":49}},"4":{"start":{"line":58,"column":31},"end":{"line":58,"column":46}},"5":{"start":{"line":60,"column":46},"end":{"line":60,"column":61}},"6":{"start":{"line":61,"column":42},"end":{"line":61,"column":62}},"7":{"start":{"line":62,"column":42},"end":{"line":62,"column":53}},"8":{"start":{"line":63,"column":36},"end":{"line":63,"column":60}},"9":{"start":{"line":64,"column":50},"end":{"line":66,"column":3}},"10":{"start":{"line":67,"column":42},"end":{"line":67,"column":74}},"11":{"start":{"line":69,"column":23},"end":{"line":72,"column":14}},"12":{"start":{"line":70,"column":4},"end":{"line":70,"column":13}},"13":{"start":{"line":71,"column":4},"end":{"line":71,"column":10}},"14":{"start":{"line":74,"column":2},"end":{"line":78,"column":9}},"15":{"start":{"line":75,"column":4},"end":{"line":77,"column":7}},"16":{"start":{"line":76,"column":6},"end":{"line":76,"column":34}},"17":{"start":{"line":80,"column":2},"end":{"line":92,"column":39}},"18":{"start":{"line":81,"column":4},"end":{"line":91,"column":9}},"19":{"start":{"line":90,"column":8},"end":{"line":90,"column":39}},"20":{"start":{"line":94,"column":31},"end":{"line":96,"column":8}},"21":{"start":{"line":95,"column":4},"end":{"line":95,"column":36}},"22":{"start":{"line":98,"column":33},"end":{"line":100,"column":8}},"23":{"start":{"line":99,"column":4},"end":{"line":99,"column":39}},"24":{"start":{"line":99,"column":31},"end":{"line":99,"column":37}},"25":{"start":{"line":102,"column":28},"end":{"line":112,"column":3}},"26":{"start":{"line":104,"column":6},"end":{"line":106,"column":7}},"27":{"start":{"line":105,"column":8},"end":{"line":105,"column":33}},"28":{"start":{"line":107,"column":6},"end":{"line":109,"column":7}},"29":{"start":{"line":108,"column":8},"end":{"line":108,"column":30}},"30":{"start":{"line":114,"column":27},"end":{"line":116,"column":8}},"31":{"start":{"line":115,"column":4},"end":{"line":115,"column":26}},"32":{"start":{"line":118,"column":34},"end":{"line":137,"column":62}},"33":{"start":{"line":119,"column":4},"end":{"line":136,"column":5}},"34":{"start":{"line":120,"column":19},"end":{"line":120,"column":41}},"35":{"start":{"line":122,"column":6},"end":{"line":122,"column":34}},"36":{"start":{"line":123,"column":6},"end":{"line":123,"column":25}},"37":{"start":{"line":125,"column":6},"end":{"line":128,"column":9}},"38":{"start":{"line":130,"column":6},"end":{"line":130,"column":63}},"39":{"start":{"line":132,"column":6},"end":{"line":135,"column":8}},"40":{"start":{"line":139,"column":30},"end":{"line":149,"column":3}},"41":{"start":{"line":141,"column":6},"end":{"line":147,"column":11}},"42":{"start":{"line":142,"column":30},"end":{"line":142,"column":39}},"43":{"start":{"line":143,"column":39},"end":{"line":147,"column":9}},"44":{"start":{"line":151,"column":32},"end":{"line":161,"column":3}},"45":{"start":{"line":153,"column":6},"end":{"line":159,"column":11}},"46":{"start":{"line":154,"column":30},"end":{"line":154,"column":40}},"47":{"start":{"line":155,"column":39},"end":{"line":159,"column":9}},"48":{"start":{"line":163,"column":2},"end":{"line":262,"column":4}},"49":{"start":{"line":181,"column":38},"end":{"line":181,"column":49}},"50":{"start":{"line":183,"column":14},"end":{"line":191,"column":34}},"51":{"start":{"line":184,"column":31},"end":{"line":184,"column":64}},"52":{"start":{"line":217,"column":16},"end":{"line":229,"column":23}},"53":{"start":{"line":223,"column":20},"end":{"line":223,"column":43}},"54":{"start":{"line":238,"column":18},"end":{"line":250,"column":25}},"55":{"start":{"line":244,"column":22},"end":{"line":244,"column":45}}},"fnMap":{"0":{"name":"(anonymous_0)","decl":{"start":{"line":54,"column":36},"end":{"line":54,"column":37}},"loc":{"start":{"line":54,"column":42},"end":{"line":263,"column":1}},"line":54},"1":{"name":"(anonymous_1)","decl":{"start":{"line":69,"column":35},"end":{"line":69,"column":36}},"loc":{"start":{"line":69,"column":41},"end":{"line":72,"column":3}},"line":69},"2":{"name":"(anonymous_2)","decl":{"start":{"line":74,"column":12},"end":{"line":74,"column":13}},"loc":{"start":{"line":74,"column":18},"end":{"line":78,"column":3}},"line":74},"3":{"name":"(anonymous_3)","decl":{"start":{"line":75,"column":31},"end":{"line":75,"column":32}},"loc":{"start":{"line":75,"column":43},"end":{"line":77,"column":5}},"line":75},"4":{"name":"(anonymous_4)","decl":{"start":{"line":80,"column":12},"end":{"line":80,"column":13}},"loc":{"start":{"line":80,"column":18},"end":{"line":92,"column":3}},"line":80},"5":{"name":"(anonymous_5)","decl":{"start":{"line":89,"column":12},"end":{"line":89,"column":13}},"loc":{"start":{"line":89,"column":24},"end":{"line":91,"column":7}},"line":89},"6":{"name":"(anonymous_6)","decl":{"start":{"line":94,"column":43},"end":{"line":94,"column":44}},"loc":{"start":{"line":94,"column":67},"end":{"line":96,"column":3}},"line":94},"7":{"name":"(anonymous_7)","decl":{"start":{"line":98,"column":45},"end":{"line":98,"column":46}},"loc":{"start":{"line":98,"column":51},"end":{"line":100,"column":3}},"line":98},"8":{"name":"(anonymous_8)","decl":{"start":{"line":99,"column":22},"end":{"line":99,"column":23}},"loc":{"start":{"line":99,"column":31},"end":{"line":99,"column":37}},"line":99},"9":{"name":"(anonymous_9)","decl":{"start":{"line":103,"column":4},"end":{"line":103,"column":5}},"loc":{"start":{"line":103,"column":44},"end":{"line":110,"column":5}},"line":103},"10":{"name":"(anonymous_10)","decl":{"start":{"line":114,"column":39},"end":{"line":114,"column":40}},"loc":{"start":{"line":114,"column":57},"end":{"line":116,"column":3}},"line":114},"11":{"name":"(anonymous_11)","decl":{"start":{"line":118,"column":46},"end":{"line":118,"column":47}},"loc":{"start":{"line":118,"column":58},"end":{"line":137,"column":3}},"line":118},"12":{"name":"(anonymous_12)","decl":{"start":{"line":140,"column":4},"end":{"line":140,"column":5}},"loc":{"start":{"line":141,"column":6},"end":{"line":147,"column":11}},"line":141},"13":{"name":"(anonymous_13)","decl":{"start":{"line":142,"column":16},"end":{"line":142,"column":17}},"loc":{"start":{"line":142,"column":30},"end":{"line":142,"column":39}},"line":142},"14":{"name":"(anonymous_14)","decl":{"start":{"line":143,"column":13},"end":{"line":143,"column":14}},"loc":{"start":{"line":143,"column":39},"end":{"line":147,"column":9}},"line":143},"15":{"name":"(anonymous_15)","decl":{"start":{"line":152,"column":4},"end":{"line":152,"column":5}},"loc":{"start":{"line":153,"column":6},"end":{"line":159,"column":11}},"line":153},"16":{"name":"(anonymous_16)","decl":{"start":{"line":154,"column":16},"end":{"line":154,"column":17}},"loc":{"start":{"line":154,"column":30},"end":{"line":154,"column":40}},"line":154},"17":{"name":"(anonymous_17)","decl":{"start":{"line":155,"column":13},"end":{"line":155,"column":14}},"loc":{"start":{"line":155,"column":39},"end":{"line":159,"column":9}},"line":155},"18":{"name":"(anonymous_18)","decl":{"start":{"line":181,"column":26},"end":{"line":181,"column":27}},"loc":{"start":{"line":181,"column":38},"end":{"line":181,"column":49}},"line":181},"19":{"name":"(anonymous_19)","decl":{"start":{"line":182,"column":24},"end":{"line":182,"column":25}},"loc":{"start":{"line":183,"column":14},"end":{"line":191,"column":34}},"line":183},"20":{"name":"(anonymous_20)","decl":{"start":{"line":184,"column":25},"end":{"line":184,"column":26}},"loc":{"start":{"line":184,"column":31},"end":{"line":184,"column":64}},"line":184},"21":{"name":"(anonymous_21)","decl":{"start":{"line":216,"column":39},"end":{"line":216,"column":40}},"loc":{"start":{"line":217,"column":16},"end":{"line":229,"column":23}},"line":217},"22":{"name":"(anonymous_22)","decl":{"start":{"line":222,"column":27},"end":{"line":222,"column":28}},"loc":{"start":{"line":222,"column":33},"end":{"line":224,"column":19}},"line":222},"23":{"name":"(anonymous_23)","decl":{"start":{"line":237,"column":16},"end":{"line":237,"column":17}},"loc":{"start":{"line":238,"column":18},"end":{"line":250,"column":25}},"line":238},"24":{"name":"(anonymous_24)","decl":{"start":{"line":243,"column":29},"end":{"line":243,"column":30}},"loc":{"start":{"line":243,"column":35},"end":{"line":245,"column":21}},"line":243}},"branchMap":{"0":{"loc":{"start":{"line":104,"column":6},"end":{"line":106,"column":7}},"type":"if","locations":[{"start":{"line":104,"column":6},"end":{"line":106,"column":7}},{"start":{"line":104,"column":6},"end":{"line":106,"column":7}}],"line":104},"1":{"loc":{"start":{"line":107,"column":6},"end":{"line":109,"column":7}},"type":"if","locations":[{"start":{"line":107,"column":6},"end":{"line":109,"column":7}},{"start":{"line":107,"column":6},"end":{"line":109,"column":7}}],"line":107},"2":{"loc":{"start":{"line":201,"column":11},"end":{"line":208,"column":11}},"type":"binary-expr","locations":[{"start":{"line":201,"column":11},"end":{"line":201,"column":25}},{"start":{"line":202,"column":12},"end":{"line":207,"column":14}}],"line":201}},"s":{"0":0,"1":0,"2":0,"3":0,"4":0,"5":0,"6":0,"7":0,"8":0,"9":0,"10":0,"11":0,"12":0,"13":0,"14":0,"15":0,"16":0,"17":0,"18":0,"19":0,"20":0,"21":0,"22":0,"23":0,"24":0,"25":0,"26":0,"27":0,"28":0,"29":0,"30":0,"31":0,"32":0,"33":0,"34":0,"35":0,"36":0,"37":0,"38":0,"39":0,"40":0,"41":0,"42":0,"43":0,"44":0,"45":0,"46":0,"47":0,"48":0,"49":0,"50":0,"51":0,"52":0,"53":0,"54":0,"55":0},"f":{"0":0,"1":0,"2":0,"3":0,"4":0,"5":0,"6":0,"7":0,"8":0,"9":0,"10":0,"11":0,"12":0,"13":0,"14":0,"15":0,"16":0,"17":0,"18":0,"19":0,"20":0,"21":0,"22":0,"23":0,"24":0},"b":{"0":[0,0],"1":[0,0],"2":[0,0]},"hash":"409b86a9e264620a48edf557e7999eab0ee609ac"}
,"D:\\projects\\Rocketseat\\gostack12\\semana 3 - ReactJs\\AppGoBarber\\src\\pages\\Dashboard\\index.tsx": {"path":"D:\\projects\\Rocketseat\\gostack12\\semana 3 - ReactJs\\AppGoBarber\\src\\pages\\Dashboard\\index.tsx","statementMap":{"0":{"start":{"line":33,"column":28},"end":{"line":99,"column":1}},"1":{"start":{"line":34,"column":36},"end":{"line":34,"column":60}},"2":{"start":{"line":36,"column":19},"end":{"line":36,"column":28}},"3":{"start":{"line":37,"column":23},"end":{"line":37,"column":38}},"4":{"start":{"line":39,"column":28},"end":{"line":41,"column":16}},"5":{"start":{"line":40,"column":4},"end":{"line":40,"column":24}},"6":{"start":{"line":43,"column":2},"end":{"line":47,"column":9}},"7":{"start":{"line":44,"column":4},"end":{"line":46,"column":7}},"8":{"start":{"line":45,"column":6},"end":{"line":45,"column":34}},"9":{"start":{"line":49,"column":38},"end":{"line":54,"column":3}},"10":{"start":{"line":51,"column":6},"end":{"line":51,"column":52}},"11":{"start":{"line":56,"column":2},"end":{"line":98,"column":4}},"12":{"start":{"line":75,"column":34},"end":{"line":75,"column":45}},"13":{"start":{"line":77,"column":10},"end":{"line":94,"column":30}},"14":{"start":{"line":79,"column":14},"end":{"line":79,"column":55}}},"fnMap":{"0":{"name":"(anonymous_0)","decl":{"start":{"line":33,"column":28},"end":{"line":33,"column":29}},"loc":{"start":{"line":33,"column":34},"end":{"line":99,"column":1}},"line":33},"1":{"name":"(anonymous_1)","decl":{"start":{"line":39,"column":40},"end":{"line":39,"column":41}},"loc":{"start":{"line":39,"column":46},"end":{"line":41,"column":3}},"line":39},"2":{"name":"(anonymous_2)","decl":{"start":{"line":43,"column":12},"end":{"line":43,"column":13}},"loc":{"start":{"line":43,"column":18},"end":{"line":47,"column":3}},"line":43},"3":{"name":"(anonymous_3)","decl":{"start":{"line":44,"column":31},"end":{"line":44,"column":32}},"loc":{"start":{"line":44,"column":43},"end":{"line":46,"column":5}},"line":44},"4":{"name":"(anonymous_4)","decl":{"start":{"line":50,"column":4},"end":{"line":50,"column":5}},"loc":{"start":{"line":50,"column":28},"end":{"line":52,"column":5}},"line":50},"5":{"name":"(anonymous_5)","decl":{"start":{"line":75,"column":22},"end":{"line":75,"column":23}},"loc":{"start":{"line":75,"column":34},"end":{"line":75,"column":45}},"line":75},"6":{"name":"(anonymous_6)","decl":{"start":{"line":76,"column":20},"end":{"line":76,"column":21}},"loc":{"start":{"line":77,"column":10},"end":{"line":94,"column":30}},"line":77},"7":{"name":"(anonymous_7)","decl":{"start":{"line":78,"column":21},"end":{"line":78,"column":22}},"loc":{"start":{"line":78,"column":27},"end":{"line":80,"column":13}},"line":78}},"branchMap":{},"s":{"0":0,"1":0,"2":0,"3":0,"4":0,"5":0,"6":0,"7":0,"8":0,"9":0,"10":0,"11":0,"12":0,"13":0,"14":0},"f":{"0":0,"1":0,"2":0,"3":0,"4":0,"5":0,"6":0,"7":0},"b":{},"hash":"d8c20f9be249e4aa0dd420dabf0caf4b847d361a"}
,"D:\\projects\\Rocketseat\\gostack12\\semana 3 - ReactJs\\AppGoBarber\\src\\pages\\Profile\\index.tsx": {"path":"D:\\projects\\Rocketseat\\gostack12\\semana 3 - ReactJs\\AppGoBarber\\src\\pages\\Profile\\index.tsx","statementMap":{"0":{"start":{"line":39,"column":26},"end":{"line":254,"column":1}},"1":{"start":{"line":40,"column":31},"end":{"line":40,"column":40}},"2":{"start":{"line":41,"column":21},"end":{"line":41,"column":36}},"3":{"start":{"line":43,"column":18},"end":{"line":43,"column":43}},"4":{"start":{"line":44,"column":24},"end":{"line":44,"column":47}},"5":{"start":{"line":45,"column":30},"end":{"line":45,"column":53}},"6":{"start":{"line":46,"column":27},"end":{"line":46,"column":50}},"7":{"start":{"line":47,"column":34},"end":{"line":47,"column":57}},"8":{"start":{"line":49,"column":30},"end":{"line":117,"column":3}},"9":{"start":{"line":51,"column":6},"end":{"line":114,"column":7}},"10":{"start":{"line":52,"column":8},"end":{"line":52,"column":39}},"11":{"start":{"line":54,"column":23},"end":{"line":77,"column":10}},"12":{"start":{"line":62,"column":23},"end":{"line":62,"column":35}},"13":{"start":{"line":70,"column":25},"end":{"line":70,"column":37}},"14":{"start":{"line":78,"column":8},"end":{"line":78,"column":59}},"15":{"start":{"line":86,"column":12},"end":{"line":86,"column":16}},"16":{"start":{"line":88,"column":25},"end":{"line":94,"column":9}},"17":{"start":{"line":96,"column":25},"end":{"line":96,"column":60}},"18":{"start":{"line":98,"column":8},"end":{"line":98,"column":34}},"19":{"start":{"line":100,"column":8},"end":{"line":100,"column":64}},"20":{"start":{"line":102,"column":8},"end":{"line":102,"column":28}},"21":{"start":{"line":104,"column":8},"end":{"line":108,"column":9}},"22":{"start":{"line":105,"column":25},"end":{"line":105,"column":49}},"23":{"start":{"line":106,"column":10},"end":{"line":106,"column":45}},"24":{"start":{"line":107,"column":10},"end":{"line":107,"column":17}},"25":{"start":{"line":110,"column":8},"end":{"line":113,"column":10}},"26":{"start":{"line":119,"column":23},"end":{"line":121,"column":18}},"27":{"start":{"line":120,"column":4},"end":{"line":120,"column":24}},"28":{"start":{"line":123,"column":29},"end":{"line":157,"column":27}},"29":{"start":{"line":124,"column":4},"end":{"line":156,"column":6}},"30":{"start":{"line":132,"column":8},"end":{"line":154,"column":9}},"31":{"start":{"line":133,"column":10},"end":{"line":135,"column":11}},"32":{"start":{"line":134,"column":12},"end":{"line":134,"column":19}},"33":{"start":{"line":137,"column":10},"end":{"line":140,"column":11}},"34":{"start":{"line":138,"column":12},"end":{"line":138,"column":56}},"35":{"start":{"line":139,"column":12},"end":{"line":139,"column":19}},"36":{"start":{"line":142,"column":23},"end":{"line":142,"column":37}},"37":{"start":{"line":144,"column":10},"end":{"line":148,"column":13}},"38":{"start":{"line":149,"column":10},"end":{"line":151,"column":63}},"39":{"start":{"line":151,"column":33},"end":{"line":151,"column":61}},"40":{"start":{"line":153,"column":10},"end":{"line":153,"column":46}},"41":{"start":{"line":159,"column":2},"end":{"line":253,"column":4}},"42":{"start":{"line":192,"column":18},"end":{"line":192,"column":49}},"43":{"start":{"line":205,"column":18},"end":{"line":205,"column":55}},"44":{"start":{"line":219,"column":18},"end":{"line":219,"column":52}},"45":{"start":{"line":231,"column":18},"end":{"line":231,"column":59}},"46":{"start":{"line":242,"column":39},"end":{"line":242,"column":68}},"47":{"start":{"line":245,"column":37},"end":{"line":245,"column":66}}},"fnMap":{"0":{"name":"(anonymous_0)","decl":{"start":{"line":39,"column":26},"end":{"line":39,"column":27}},"loc":{"start":{"line":39,"column":32},"end":{"line":254,"column":1}},"line":39},"1":{"name":"(anonymous_1)","decl":{"start":{"line":50,"column":4},"end":{"line":50,"column":5}},"loc":{"start":{"line":50,"column":37},"end":{"line":115,"column":5}},"line":50},"2":{"name":"(anonymous_2)","decl":{"start":{"line":62,"column":16},"end":{"line":62,"column":17}},"loc":{"start":{"line":62,"column":23},"end":{"line":62,"column":35}},"line":62},"3":{"name":"(anonymous_3)","decl":{"start":{"line":70,"column":18},"end":{"line":70,"column":19}},"loc":{"start":{"line":70,"column":25},"end":{"line":70,"column":37}},"line":70},"4":{"name":"(anonymous_4)","decl":{"start":{"line":119,"column":35},"end":{"line":119,"column":36}},"loc":{"start":{"line":119,"column":41},"end":{"line":121,"column":3}},"line":119},"5":{"name":"(anonymous_5)","decl":{"start":{"line":123,"column":41},"end":{"line":123,"column":42}},"loc":{"start":{"line":123,"column":47},"end":{"line":157,"column":3}},"line":123},"6":{"name":"(anonymous_6)","decl":{"start":{"line":131,"column":6},"end":{"line":131,"column":7}},"loc":{"start":{"line":131,"column":18},"end":{"line":155,"column":7}},"line":131},"7":{"name":"(anonymous_7)","decl":{"start":{"line":151,"column":18},"end":{"line":151,"column":19}},"loc":{"start":{"line":151,"column":33},"end":{"line":151,"column":61}},"line":151},"8":{"name":"(anonymous_8)","decl":{"start":{"line":191,"column":33},"end":{"line":191,"column":34}},"loc":{"start":{"line":191,"column":39},"end":{"line":193,"column":17}},"line":191},"9":{"name":"(anonymous_9)","decl":{"start":{"line":204,"column":33},"end":{"line":204,"column":34}},"loc":{"start":{"line":204,"column":39},"end":{"line":206,"column":17}},"line":204},"10":{"name":"(anonymous_10)","decl":{"start":{"line":218,"column":33},"end":{"line":218,"column":34}},"loc":{"start":{"line":218,"column":39},"end":{"line":220,"column":17}},"line":218},"11":{"name":"(anonymous_11)","decl":{"start":{"line":230,"column":33},"end":{"line":230,"column":34}},"loc":{"start":{"line":230,"column":39},"end":{"line":232,"column":17}},"line":230},"12":{"name":"(anonymous_12)","decl":{"start":{"line":242,"column":33},"end":{"line":242,"column":34}},"loc":{"start":{"line":242,"column":39},"end":{"line":242,"column":68}},"line":242},"13":{"name":"(anonymous_13)","decl":{"start":{"line":245,"column":31},"end":{"line":245,"column":32}},"loc":{"start":{"line":245,"column":37},"end":{"line":245,"column":66}},"line":245}},"branchMap":{"0":{"loc":{"start":{"line":91,"column":14},"end":{"line":93,"column":16}},"type":"cond-expr","locations":[{"start":{"line":92,"column":14},"end":{"line":92,"column":63}},{"start":{"line":93,"column":14},"end":{"line":93,"column":16}}],"line":91},"1":{"loc":{"start":{"line":104,"column":8},"end":{"line":108,"column":9}},"type":"if","locations":[{"start":{"line":104,"column":8},"end":{"line":108,"column":9}},{"start":{"line":104,"column":8},"end":{"line":108,"column":9}}],"line":104},"2":{"loc":{"start":{"line":133,"column":10},"end":{"line":135,"column":11}},"type":"if","locations":[{"start":{"line":133,"column":10},"end":{"line":135,"column":11}},{"start":{"line":133,"column":10},"end":{"line":135,"column":11}}],"line":133},"3":{"loc":{"start":{"line":137,"column":10},"end":{"line":140,"column":11}},"type":"if","locations":[{"start":{"line":137,"column":10},"end":{"line":140,"column":11}},{"start":{"line":137,"column":10},"end":{"line":140,"column":11}}],"line":137},"4":{"loc":{"start":{"line":164,"column":18},"end":{"line":164,"column":63}},"type":"cond-expr","locations":[{"start":{"line":164,"column":42},"end":{"line":164,"column":51}},{"start":{"line":164,"column":54},"end":{"line":164,"column":63}}],"line":164}},"s":{"0":0,"1":0,"2":0,"3":0,"4":0,"5":0,"6":0,"7":0,"8":0,"9":0,"10":0,"11":0,"12":0,"13":0,"14":0,"15":0,"16":0,"17":0,"18":0,"19":0,"20":0,"21":0,"22":0,"23":0,"24":0,"25":0,"26":0,"27":0,"28":0,"29":0,"30":0,"31":0,"32":0,"33":0,"34":0,"35":0,"36":0,"37":0,"38":0,"39":0,"40":0,"41":0,"42":0,"43":0,"44":0,"45":0,"46":0,"47":0},"f":{"0":0,"1":0,"2":0,"3":0,"4":0,"5":0,"6":0,"7":0,"8":0,"9":0,"10":0,"11":0,"12":0,"13":0},"b":{"0":[0,0],"1":[0,0],"2":[0,0],"3":[0,0],"4":[0,0]},"hash":"1b55f70a32590d9563654c35b9f4c0b649c1adc0"}
,"D:\\projects\\Rocketseat\\gostack12\\semana 3 - ReactJs\\AppGoBarber\\src\\pages\\SignIn\\index.tsx": {"path":"D:\\projects\\Rocketseat\\gostack12\\semana 3 - ReactJs\\AppGoBarber\\src\\pages\\SignIn\\index.tsx","statementMap":{"0":{"start":{"line":33,"column":25},"end":{"line":121,"column":1}},"1":{"start":{"line":34,"column":18},"end":{"line":34,"column":43}},"2":{"start":{"line":35,"column":27},"end":{"line":35,"column":50}},"3":{"start":{"line":36,"column":21},"end":{"line":36,"column":36}},"4":{"start":{"line":38,"column":21},"end":{"line":38,"column":30}},"5":{"start":{"line":40,"column":23},"end":{"line":67,"column":3}},"6":{"start":{"line":42,"column":6},"end":{"line":64,"column":7}},"7":{"start":{"line":43,"column":8},"end":{"line":43,"column":39}},"8":{"start":{"line":45,"column":23},"end":{"line":50,"column":10}},"9":{"start":{"line":51,"column":8},"end":{"line":51,"column":59}},"10":{"start":{"line":53,"column":8},"end":{"line":53,"column":69}},"11":{"start":{"line":55,"column":8},"end":{"line":55,"column":54}},"12":{"start":{"line":57,"column":8},"end":{"line":61,"column":9}},"13":{"start":{"line":58,"column":25},"end":{"line":58,"column":49}},"14":{"start":{"line":59,"column":10},"end":{"line":59,"column":45}},"15":{"start":{"line":60,"column":10},"end":{"line":60,"column":17}},"16":{"start":{"line":63,"column":8},"end":{"line":63,"column":77}},"17":{"start":{"line":69,"column":2},"end":{"line":120,"column":4}},"18":{"start":{"line":92,"column":41},"end":{"line":92,"column":75}},"19":{"start":{"line":101,"column":39},"end":{"line":101,"column":68}},"20":{"start":{"line":104,"column":37},"end":{"line":104,"column":66}},"21":{"start":{"line":115,"column":42},"end":{"line":115,"column":71}}},"fnMap":{"0":{"name":"(anonymous_0)","decl":{"start":{"line":33,"column":25},"end":{"line":33,"column":26}},"loc":{"start":{"line":33,"column":31},"end":{"line":121,"column":1}},"line":33},"1":{"name":"(anonymous_1)","decl":{"start":{"line":41,"column":4},"end":{"line":41,"column":5}},"loc":{"start":{"line":41,"column":36},"end":{"line":65,"column":5}},"line":41},"2":{"name":"(anonymous_2)","decl":{"start":{"line":92,"column":33},"end":{"line":92,"column":34}},"loc":{"start":{"line":92,"column":39},"end":{"line":92,"column":77}},"line":92},"3":{"name":"(anonymous_3)","decl":{"start":{"line":101,"column":33},"end":{"line":101,"column":34}},"loc":{"start":{"line":101,"column":39},"end":{"line":101,"column":68}},"line":101},"4":{"name":"(anonymous_4)","decl":{"start":{"line":104,"column":31},"end":{"line":104,"column":32}},"loc":{"start":{"line":104,"column":37},"end":{"line":104,"column":66}},"line":104},"5":{"name":"(anonymous_5)","decl":{"start":{"line":115,"column":36},"end":{"line":115,"column":37}},"loc":{"start":{"line":115,"column":42},"end":{"line":115,"column":71}},"line":115}},"branchMap":{"0":{"loc":{"start":{"line":57,"column":8},"end":{"line":61,"column":9}},"type":"if","locations":[{"start":{"line":57,"column":8},"end":{"line":61,"column":9}},{"start":{"line":57,"column":8},"end":{"line":61,"column":9}}],"line":57},"1":{"loc":{"start":{"line":74,"column":18},"end":{"line":74,"column":63}},"type":"cond-expr","locations":[{"start":{"line":74,"column":42},"end":{"line":74,"column":51}},{"start":{"line":74,"column":54},"end":{"line":74,"column":63}}],"line":74}},"s":{"0":1,"1":1,"2":1,"3":1,"4":1,"5":1,"6":0,"7":0,"8":0,"9":0,"10":0,"11":0,"12":0,"13":0,"14":0,"15":0,"16":0,"17":1,"18":0,"19":0,"20":0,"21":0},"f":{"0":1,"1":0,"2":0,"3":0,"4":0,"5":0},"b":{"0":[0,0],"1":[1,0]},"_coverageSchema":"43e27e138ebf9cfc5966b082cf9a028302ed4184","hash":"a9249adac877c39ddf5d2a5abfe47c5f96bc449f"}
,"D:\\projects\\Rocketseat\\gostack12\\semana 3 - ReactJs\\AppGoBarber\\src\\pages\\SignUp\\index.tsx": {"path":"D:\\projects\\Rocketseat\\gostack12\\semana 3 - ReactJs\\AppGoBarber\\src\\pages\\SignUp\\index.tsx","statementMap":{"0":{"start":{"line":33,"column":25},"end":{"line":128,"column":1}},"1":{"start":{"line":34,"column":21},"end":{"line":34,"column":36}},"2":{"start":{"line":36,"column":18},"end":{"line":36,"column":43}},"3":{"start":{"line":37,"column":24},"end":{"line":37,"column":47}},"4":{"start":{"line":38,"column":27},"end":{"line":38,"column":50}},"5":{"start":{"line":40,"column":23},"end":{"line":70,"column":3}},"6":{"start":{"line":42,"column":6},"end":{"line":67,"column":7}},"7":{"start":{"line":43,"column":8},"end":{"line":43,"column":39}},"8":{"start":{"line":45,"column":23},"end":{"line":51,"column":10}},"9":{"start":{"line":52,"column":8},"end":{"line":52,"column":59}},"10":{"start":{"line":54,"column":8},"end":{"line":54,"column":39}},"11":{"start":{"line":56,"column":8},"end":{"line":56,"column":64}},"12":{"start":{"line":58,"column":8},"end":{"line":58,"column":28}},"13":{"start":{"line":60,"column":8},"end":{"line":64,"column":9}},"14":{"start":{"line":61,"column":25},"end":{"line":61,"column":49}},"15":{"start":{"line":62,"column":10},"end":{"line":62,"column":45}},"16":{"start":{"line":63,"column":10},"end":{"line":63,"column":17}},"17":{"start":{"line":66,"column":8},"end":{"line":66,"column":79}},"18":{"start":{"line":72,"column":2},"end":{"line":127,"column":4}},"19":{"start":{"line":93,"column":41},"end":{"line":93,"column":72}},"20":{"start":{"line":104,"column":41},"end":{"line":104,"column":75}},"21":{"start":{"line":114,"column":39},"end":{"line":114,"column":68}},"22":{"start":{"line":117,"column":37},"end":{"line":117,"column":66}},"23":{"start":{"line":122,"column":35},"end":{"line":122,"column":54}}},"fnMap":{"0":{"name":"(anonymous_0)","decl":{"start":{"line":33,"column":25},"end":{"line":33,"column":26}},"loc":{"start":{"line":33,"column":31},"end":{"line":128,"column":1}},"line":33},"1":{"name":"(anonymous_1)","decl":{"start":{"line":41,"column":4},"end":{"line":41,"column":5}},"loc":{"start":{"line":41,"column":36},"end":{"line":68,"column":5}},"line":41},"2":{"name":"(anonymous_2)","decl":{"start":{"line":93,"column":33},"end":{"line":93,"column":34}},"loc":{"start":{"line":93,"column":39},"end":{"line":93,"column":74}},"line":93},"3":{"name":"(anonymous_3)","decl":{"start":{"line":104,"column":33},"end":{"line":104,"column":34}},"loc":{"start":{"line":104,"column":39},"end":{"line":104,"column":77}},"line":104},"4":{"name":"(anonymous_4)","decl":{"start":{"line":114,"column":33},"end":{"line":114,"column":34}},"loc":{"start":{"line":114,"column":39},"end":{"line":114,"column":68}},"line":114},"5":{"name":"(anonymous_5)","decl":{"start":{"line":117,"column":31},"end":{"line":117,"column":32}},"loc":{"start":{"line":117,"column":37},"end":{"line":117,"column":66}},"line":117},"6":{"name":"(anonymous_6)","decl":{"start":{"line":122,"column":29},"end":{"line":122,"column":30}},"loc":{"start":{"line":122,"column":35},"end":{"line":122,"column":54}},"line":122}},"branchMap":{"0":{"loc":{"start":{"line":60,"column":8},"end":{"line":64,"column":9}},"type":"if","locations":[{"start":{"line":60,"column":8},"end":{"line":64,"column":9}},{"start":{"line":60,"column":8},"end":{"line":64,"column":9}}],"line":60},"1":{"loc":{"start":{"line":77,"column":18},"end":{"line":77,"column":63}},"type":"cond-expr","locations":[{"start":{"line":77,"column":42},"end":{"line":77,"column":51}},{"start":{"line":77,"column":54},"end":{"line":77,"column":63}}],"line":77}},"s":{"0":0,"1":0,"2":0,"3":0,"4":0,"5":0,"6":0,"7":0,"8":0,"9":0,"10":0,"11":0,"12":0,"13":0,"14":0,"15":0,"16":0,"17":0,"18":0,"19":0,"20":0,"21":0,"22":0,"23":0},"f":{"0":0,"1":0,"2":0,"3":0,"4":0,"5":0,"6":0},"b":{"0":[0,0],"1":[0,0]},"hash":"83de9320d5062e1518f3ddd2789e4cece01d41f5"}
}
