TN:
SF:D:\projects\Rocketseat\gostack12\semana 3 - ReactJs\AppGoBarber\src\components\Button\index.tsx
FN:9,(anonymous_0)
FNF:1
FNH:1
FNDA:1,(anonymous_0)
DA:9,1
DA:10,1
LF:2
LH:2
BRF:0
BRH:0
end_of_record
TN:
SF:D:\projects\Rocketseat\gostack12\semana 3 - ReactJs\AppGoBarber\src\components\Input\index.tsx
FN:28,(anonymous_0)
FN:39,(anonymous_1)
FN:43,(anonymous_2)
FN:48,(anonymous_3)
FN:49,(anonymous_4)
FN:54,(anonymous_5)
FN:84,(anonymous_6)
FNF:7
FNH:3
FNDA:2,(anonymous_0)
FNDA:0,(anonymous_1)
FNDA:0,(anonymous_2)
FNDA:1,(anonymous_3)
FNDA:0,(anonymous_4)
FNDA:2,(anonymous_5)
FNDA:0,(anonymous_6)
DA:28,1
DA:32,2
DA:33,2
DA:34,2
DA:36,2
DA:37,2
DA:39,2
DA:40,0
DA:43,2
DA:44,0
DA:45,0
DA:48,2
DA:50,0
DA:54,2
DA:55,2
DA:70,2
DA:85,0
LF:17
LH:12
BRDA:29,0,0,2
BRDA:33,1,0,2
BRDA:75,2,0,0
BRDA:75,2,1,2
BRDA:75,3,0,2
BRDA:75,3,1,2
BRF:6
BRH:5
end_of_record
TN:
SF:D:\projects\Rocketseat\gostack12\semana 3 - ReactJs\AppGoBarber\src\hooks\auth.tsx
FN:43,(anonymous_0)
FN:47,(anonymous_1)
FN:48,checkUser
FN:66,(anonymous_3)
FN:81,(anonymous_4)
FN:88,(anonymous_5)
FN:114,useAuth
FNF:7
FNH:1
FNDA:0,(anonymous_0)
FNDA:0,(anonymous_1)
FNDA:0,checkUser
FNDA:0,(anonymous_3)
FNDA:0,(anonymous_4)
FNDA:0,(anonymous_5)
FNDA:1,useAuth
DA:41,1
DA:43,1
DA:44,0
DA:45,0
DA:47,0
DA:49,0
DA:54,0
DA:55,0
DA:57,0
DA:60,0
DA:63,0
DA:66,0
DA:67,0
DA:69,0
DA:71,0
DA:76,0
DA:78,0
DA:81,0
DA:82,0
DA:84,0
DA:87,0
DA:89,0
DA:91,0
DA:99,0
DA:115,1
DA:117,1
DA:118,0
DA:121,1
LF:28
LH:5
BRDA:54,0,0,0
BRDA:54,0,1,0
BRDA:54,1,0,0
BRDA:54,1,1,0
BRDA:117,2,0,0
BRDA:117,2,1,1
BRF:6
BRH:1
end_of_record
TN:
SF:D:\projects\Rocketseat\gostack12\semana 3 - ReactJs\AppGoBarber\src\pages\AppointmentCreated\index.tsx
FN:20,(anonymous_0)
FN:26,(anonymous_1)
FN:34,(anonymous_2)
FNF:3
FNH:0
FNDA:0,(anonymous_0)
FNDA:0,(anonymous_1)
FNDA:0,(anonymous_2)
DA:20,0
DA:21,0
DA:22,0
DA:24,0
DA:26,0
DA:27,0
DA:33,0
DA:35,0
DA:43,0
LF:9
LH:0
BRF:0
BRH:0
end_of_record
TN:
SF:D:\projects\Rocketseat\gostack12\semana 3 - ReactJs\AppGoBarber\src\pages\CreateAppointment\index.tsx
FN:54,(anonymous_0)
FN:69,(anonymous_1)
FN:74,(anonymous_2)
FN:75,(anonymous_3)
FN:80,(anonymous_4)
FN:89,(anonymous_5)
FN:94,(anonymous_6)
FN:98,(anonymous_7)
FN:99,(anonymous_8)
FN:103,(anonymous_9)
FN:114,(anonymous_10)
FN:118,(anonymous_11)
FN:140,(anonymous_12)
FN:142,(anonymous_13)
FN:143,(anonymous_14)
FN:152,(anonymous_15)
FN:154,(anonymous_16)
FN:155,(anonymous_17)
FN:181,(anonymous_18)
FN:182,(anonymous_19)
FN:184,(anonymous_20)
FN:216,(anonymous_21)
FN:222,(anonymous_22)
FN:237,(anonymous_23)
FN:243,(anonymous_24)
FNF:25
FNH:0
FNDA:0,(anonymous_0)
FNDA:0,(anonymous_1)
FNDA:0,(anonymous_2)
FNDA:0,(anonymous_3)
FNDA:0,(anonymous_4)
FNDA:0,(anonymous_5)
FNDA:0,(anonymous_6)
FNDA:0,(anonymous_7)
FNDA:0,(anonymous_8)
FNDA:0,(anonymous_9)
FNDA:0,(anonymous_10)
FNDA:0,(anonymous_11)
FNDA:0,(anonymous_12)
FNDA:0,(anonymous_13)
FNDA:0,(anonymous_14)
FNDA:0,(anonymous_15)
FNDA:0,(anonymous_16)
FNDA:0,(anonymous_17)
FNDA:0,(anonymous_18)
FNDA:0,(anonymous_19)
FNDA:0,(anonymous_20)
FNDA:0,(anonymous_21)
FNDA:0,(anonymous_22)
FNDA:0,(anonymous_23)
FNDA:0,(anonymous_24)
DA:54,0
DA:55,0
DA:56,0
DA:57,0
DA:58,0
DA:60,0
DA:61,0
DA:62,0
DA:63,0
DA:64,0
DA:67,0
DA:69,0
DA:70,0
DA:71,0
DA:74,0
DA:75,0
DA:76,0
DA:80,0
DA:81,0
DA:90,0
DA:94,0
DA:95,0
DA:98,0
DA:99,0
DA:102,0
DA:104,0
DA:105,0
DA:107,0
DA:108,0
DA:114,0
DA:115,0
DA:118,0
DA:119,0
DA:120,0
DA:122,0
DA:123,0
DA:125,0
DA:130,0
DA:132,0
DA:139,0
DA:141,0
DA:142,0
DA:143,0
DA:151,0
DA:153,0
DA:154,0
DA:155,0
DA:163,0
DA:181,0
DA:183,0
DA:184,0
DA:217,0
DA:223,0
DA:238,0
DA:244,0
LF:55
LH:0
BRDA:104,0,0,0
BRDA:104,0,1,0
BRDA:107,1,0,0
BRDA:107,1,1,0
BRDA:201,2,0,0
BRDA:201,2,1,0
BRF:6
BRH:0
end_of_record
TN:
SF:D:\projects\Rocketseat\gostack12\semana 3 - ReactJs\AppGoBarber\src\pages\Dashboard\index.tsx
FN:33,(anonymous_0)
FN:39,(anonymous_1)
FN:43,(anonymous_2)
FN:44,(anonymous_3)
FN:50,(anonymous_4)
FN:75,(anonymous_5)
FN:76,(anonymous_6)
FN:78,(anonymous_7)
FNF:8
FNH:0
FNDA:0,(anonymous_0)
FNDA:0,(anonymous_1)
FNDA:0,(anonymous_2)
FNDA:0,(anonymous_3)
FNDA:0,(anonymous_4)
FNDA:0,(anonymous_5)
FNDA:0,(anonymous_6)
FNDA:0,(anonymous_7)
DA:33,0
DA:34,0
DA:36,0
DA:37,0
DA:39,0
DA:40,0
DA:43,0
DA:44,0
DA:45,0
DA:49,0
DA:51,0
DA:56,0
DA:75,0
DA:77,0
DA:79,0
LF:15
LH:0
BRF:0
BRH:0
end_of_record
TN:
SF:D:\projects\Rocketseat\gostack12\semana 3 - ReactJs\AppGoBarber\src\pages\Profile\index.tsx
FN:39,(anonymous_0)
FN:50,(anonymous_1)
FN:62,(anonymous_2)
FN:70,(anonymous_3)
FN:119,(anonymous_4)
FN:123,(anonymous_5)
FN:131,(anonymous_6)
FN:151,(anonymous_7)
FN:191,(anonymous_8)
FN:204,(anonymous_9)
FN:218,(anonymous_10)
FN:230,(anonymous_11)
FN:242,(anonymous_12)
FN:245,(anonymous_13)
FNF:14
FNH:0
FNDA:0,(anonymous_0)
FNDA:0,(anonymous_1)
FNDA:0,(anonymous_2)
FNDA:0,(anonymous_3)
FNDA:0,(anonymous_4)
FNDA:0,(anonymous_5)
FNDA:0,(anonymous_6)
FNDA:0,(anonymous_7)
FNDA:0,(anonymous_8)
FNDA:0,(anonymous_9)
FNDA:0,(anonymous_10)
FNDA:0,(anonymous_11)
FNDA:0,(anonymous_12)
FNDA:0,(anonymous_13)
DA:39,0
DA:40,0
DA:41,0
DA:43,0
DA:44,0
DA:45,0
DA:46,0
DA:47,0
DA:49,0
DA:51,0
DA:52,0
DA:54,0
DA:62,0
DA:70,0
DA:78,0
DA:86,0
DA:88,0
DA:96,0
DA:98,0
DA:100,0
DA:102,0
DA:104,0
DA:105,0
DA:106,0
DA:107,0
DA:110,0
DA:119,0
DA:120,0
DA:123,0
DA:124,0
DA:132,0
DA:133,0
DA:134,0
DA:137,0
DA:138,0
DA:139,0
DA:142,0
DA:144,0
DA:149,0
DA:151,0
DA:153,0
DA:159,0
DA:192,0
DA:205,0
DA:219,0
DA:231,0
DA:242,0
DA:245,0
LF:48
LH:0
BRDA:91,0,0,0
BRDA:91,0,1,0
BRDA:104,1,0,0
BRDA:104,1,1,0
BRDA:133,2,0,0
BRDA:133,2,1,0
BRDA:137,3,0,0
BRDA:137,3,1,0
BRDA:164,4,0,0
BRDA:164,4,1,0
BRF:10
BRH:0
end_of_record
TN:
SF:D:\projects\Rocketseat\gostack12\semana 3 - ReactJs\AppGoBarber\src\pages\SignIn\index.tsx
FN:33,(anonymous_0)
FN:41,(anonymous_1)
FN:92,(anonymous_2)
FN:101,(anonymous_3)
FN:104,(anonymous_4)
FN:115,(anonymous_5)
FNF:6
FNH:1
FNDA:1,(anonymous_0)
FNDA:0,(anonymous_1)
FNDA:0,(anonymous_2)
FNDA:0,(anonymous_3)
FNDA:0,(anonymous_4)
FNDA:0,(anonymous_5)
DA:33,1
DA:34,1
DA:35,1
DA:36,1
DA:38,1
DA:40,1
DA:42,0
DA:43,0
DA:45,0
DA:51,0
DA:53,0
DA:55,0
DA:57,0
DA:58,0
DA:59,0
DA:60,0
DA:63,0
DA:69,1
DA:92,0
DA:101,0
DA:104,0
DA:115,0
LF:22
LH:7
BRDA:57,0,0,0
BRDA:57,0,1,0
BRDA:74,1,0,1
BRDA:74,1,1,0
BRF:4
BRH:1
end_of_record
TN:
SF:D:\projects\Rocketseat\gostack12\semana 3 - ReactJs\AppGoBarber\src\pages\SignUp\index.tsx
FN:33,(anonymous_0)
FN:41,(anonymous_1)
FN:93,(anonymous_2)
FN:104,(anonymous_3)
FN:114,(anonymous_4)
FN:117,(anonymous_5)
FN:122,(anonymous_6)
FNF:7
FNH:0
FNDA:0,(anonymous_0)
FNDA:0,(anonymous_1)
FNDA:0,(anonymous_2)
FNDA:0,(anonymous_3)
FNDA:0,(anonymous_4)
FNDA:0,(anonymous_5)
FNDA:0,(anonymous_6)
DA:33,0
DA:34,0
DA:36,0
DA:37,0
DA:38,0
DA:40,0
DA:42,0
DA:43,0
DA:45,0
DA:52,0
DA:54,0
DA:56,0
DA:58,0
DA:60,0
DA:61,0
DA:62,0
DA:63,0
DA:66,0
DA:72,0
DA:93,0
DA:104,0
DA:114,0
DA:117,0
DA:122,0
LF:24
LH:0
BRDA:60,0,0,0
BRDA:60,0,1,0
BRDA:77,1,0,0
BRDA:77,1,1,0
BRF:4
BRH:0
end_of_record
